141005 15:48:05 mysqld_safe Starting mysqld daemon with databases from /Library/Application Support/appsolute/MAMP PRO/db/mysql
141005 15:48:05 [Warning] Using unique option prefix key_buffer instead of key_buffer_size is deprecated and will be removed in a future release. Please use the full name instead.
141005 15:48:05 [Warning] Setting lower_case_table_names=2 because file system for /Library/Application Support/appsolute/MAMP PRO/db/mysql/ is case insensitive
141005 15:48:05 [Note] Plugin 'FEDERATED' is disabled.
141005 15:48:05 InnoDB: The InnoDB memory heap is disabled
141005 15:48:05 InnoDB: Mutexes and rw_locks use GCC atomic builtins
141005 15:48:05 InnoDB: Compressed tables use zlib 1.2.3
141005 15:48:05 InnoDB: Initializing buffer pool, size = 128.0M
141005 15:48:05 InnoDB: Completed initialization of buffer pool
141005 15:48:05 InnoDB: highest supported file format is Barracuda.
141005 15:48:05  InnoDB: Waiting for the background threads to start
141005 15:48:06 InnoDB: 5.5.34 started; log sequence number 3675853
141005 15:48:06 [Note] Server hostname (bind-address): '127.0.0.1'; port: 8889
141005 15:48:06 [Note]   - '127.0.0.1' resolves to '127.0.0.1';
141005 15:48:06 [Note] Server socket created on IP: '127.0.0.1'.
141005 15:48:06 [Note] Event Scheduler: Loaded 0 events
141005 15:48:06 [Note] /Applications/MAMP/Library/bin/mysqld: ready for connections.
Version: '5.5.34'  socket: '/Applications/MAMP/tmp/mysql/mysql.sock'  port: 8889  Source distribution
141005 15:49:22 [Note] /Applications/MAMP/Library/bin/mysqld: Normal shutdown

141005 15:49:22 [Note] Event Scheduler: Purging the queue. 0 events
141005 15:49:22  InnoDB: Starting shutdown...
141005 15:49:23  InnoDB: Shutdown completed; log sequence number 3675853
141005 15:49:23 [Note] /Applications/MAMP/Library/bin/mysqld: Shutdown complete

141005 15:49:23 mysqld_safe mysqld from pid file /Applications/MAMP/tmp/mysql/mysql.pid ended
141005 15:49:24 mysqld_safe Starting mysqld daemon with databases from /Library/Application Support/appsolute/MAMP PRO/db/mysql
141005 15:49:24 [Warning] Using unique option prefix key_buffer instead of key_buffer_size is deprecated and will be removed in a future release. Please use the full name instead.
141005 15:49:24 [Warning] Setting lower_case_table_names=2 because file system for /Library/Application Support/appsolute/MAMP PRO/db/mysql/ is case insensitive
141005 15:49:24 [Note] Plugin 'FEDERATED' is disabled.
141005 15:49:24 InnoDB: The InnoDB memory heap is disabled
141005 15:49:24 InnoDB: Mutexes and rw_locks use GCC atomic builtins
141005 15:49:24 InnoDB: Compressed tables use zlib 1.2.3
141005 15:49:24 InnoDB: Initializing buffer pool, size = 128.0M
141005 15:49:24 InnoDB: Completed initialization of buffer pool
141005 15:49:24 InnoDB: highest supported file format is Barracuda.
141005 15:49:24  InnoDB: Waiting for the background threads to start
141019 10:51:39 mysqld_safe Starting mysqld daemon with databases from /Library/Application Support/appsolute/MAMP PRO/db/mysql
141019 10:51:39 [Warning] Using unique option prefix key_buffer instead of key_buffer_size is deprecated and will be removed in a future release. Please use the full name instead.
141019 10:51:39 [Warning] Setting lower_case_table_names=2 because file system for /Library/Application Support/appsolute/MAMP PRO/db/mysql/ is case insensitive
141019 10:51:39 [Note] Plugin 'FEDERATED' is disabled.
141019 10:51:39 InnoDB: The InnoDB memory heap is disabled
141019 10:51:39 InnoDB: Mutexes and rw_locks use GCC atomic builtins
141019 10:51:39 InnoDB: Compressed tables use zlib 1.2.3
141019 10:51:39 InnoDB: Initializing buffer pool, size = 128.0M
141019 10:51:39 InnoDB: Completed initialization of buffer pool
141019 10:51:39 InnoDB: highest supported file format is Barracuda.
141019 10:51:40  InnoDB: Waiting for the background threads to start
141019 10:51:41 InnoDB: 5.5.34 started; log sequence number 3676343
141019 10:51:41 [Note] Server hostname (bind-address): '127.0.0.1'; port: 8889
141019 10:51:41 [Note]   - '127.0.0.1' resolves to '127.0.0.1';
141019 10:51:41 [Note] Server socket created on IP: '127.0.0.1'.
141019 10:51:41 [Note] Event Scheduler: Loaded 0 events
141019 10:51:41 [Note] /Applications/MAMP/Library/bin/mysqld: ready for connections.
Version: '5.5.34'  socket: '/Applications/MAMP/tmp/mysql/mysql.sock'  port: 8889  Source distribution
141019 10:53:24 [Note] /Applications/MAMP/Library/bin/mysqld: Normal shutdown

141019 10:53:24 [Note] Event Scheduler: Purging the queue. 0 events
141019 10:53:24  InnoDB: Starting shutdown...
141019 10:53:25  InnoDB: Shutdown completed; log sequence number 3676343
141019 10:53:25 [Note] /Applications/MAMP/Library/bin/mysqld: Shutdown complete

141019 10:53:25 mysqld_safe mysqld from pid file /Applications/MAMP/tmp/mysql/mysql.pid ended
141019 10:53:29 mysqld_safe Starting mysqld daemon with databases from /Library/Application Support/appsolute/MAMP PRO/db/mysql
141019 10:53:29 [Warning] Using unique option prefix key_buffer instead of key_buffer_size is deprecated and will be removed in a future release. Please use the full name instead.
141019 10:53:29 [Warning] Setting lower_case_table_names=2 because file system for /Library/Application Support/appsolute/MAMP PRO/db/mysql/ is case insensitive
141019 10:53:29 [Note] Plugin 'FEDERATED' is disabled.
141019 10:53:29 InnoDB: The InnoDB memory heap is disabled
141019 10:53:29 InnoDB: Mutexes and rw_locks use GCC atomic builtins
141019 10:53:29 InnoDB: Compressed tables use zlib 1.2.3
141019 10:53:29 InnoDB: Initializing buffer pool, size = 128.0M
141019 10:53:29 InnoDB: Completed initialization of buffer pool
141019 10:53:29 InnoDB: highest supported file format is Barracuda.
141019 10:53:29  InnoDB: Waiting for the background threads to start
141019 10:53:30 InnoDB: 5.5.34 started; log sequence number 3676343
141019 10:53:30 [Note] Server hostname (bind-address): '127.0.0.1'; port: 8889
141019 10:53:30 [Note]   - '127.0.0.1' resolves to '127.0.0.1';
141019 10:53:30 [Note] Server socket created on IP: '127.0.0.1'.
141019 10:53:30 [Note] Event Scheduler: Loaded 0 events
141019 10:53:30 [Note] /Applications/MAMP/Library/bin/mysqld: ready for connections.
Version: '5.5.34'  socket: '/Applications/MAMP/tmp/mysql/mysql.sock'  port: 8889  Source distribution
141019 10:53:37 [Note] /Applications/MAMP/Library/bin/mysqld: Normal shutdown

141019 10:53:37 [Note] Event Scheduler: Purging the queue. 0 events
141019 10:53:37  InnoDB: Starting shutdown...
141019 10:53:38  InnoDB: Shutdown completed; log sequence number 3676343
141019 10:53:38 [Note] /Applications/MAMP/Library/bin/mysqld: Shutdown complete

141019 10:53:38 mysqld_safe mysqld from pid file /Applications/MAMP/tmp/mysql/mysql.pid ended
141019 10:54:50 mysqld_safe Starting mysqld daemon with databases from /Library/Application Support/appsolute/MAMP PRO/db/mysql
141019 10:54:50 [Warning] Using unique option prefix key_buffer instead of key_buffer_size is deprecated and will be removed in a future release. Please use the full name instead.
141019 10:54:50 [Warning] Setting lower_case_table_names=2 because file system for /Library/Application Support/appsolute/MAMP PRO/db/mysql/ is case insensitive
141019 10:54:50 [Note] Plugin 'FEDERATED' is disabled.
141019 10:54:50 InnoDB: The InnoDB memory heap is disabled
141019 10:54:50 InnoDB: Mutexes and rw_locks use GCC atomic builtins
141019 10:54:50 InnoDB: Compressed tables use zlib 1.2.3
141019 10:54:50 InnoDB: Initializing buffer pool, size = 128.0M
141019 10:54:50 InnoDB: Completed initialization of buffer pool
141019 10:54:50 InnoDB: highest supported file format is Barracuda.
141019 10:54:50  InnoDB: Waiting for the background threads to start
141019 10:54:51 InnoDB: 5.5.34 started; log sequence number 3676343
141019 10:54:51 [Note] Server hostname (bind-address): '127.0.0.1'; port: 8889
141019 10:54:51 [Note]   - '127.0.0.1' resolves to '127.0.0.1';
141019 10:54:51 [Note] Server socket created on IP: '127.0.0.1'.
141019 10:54:51 [Note] Event Scheduler: Loaded 0 events
141019 10:54:51 [Note] /Applications/MAMP/Library/bin/mysqld: ready for connections.
Version: '5.5.34'  socket: '/Applications/MAMP/tmp/mysql/mysql.sock'  port: 8889  Source distribution
141019 14:15:04 [Note] /Applications/MAMP/Library/bin/mysqld: Normal shutdown

141019 14:15:04 [Note] Event Scheduler: Purging the queue. 0 events
141019 14:15:04  InnoDB: Starting shutdown...
141019 14:15:04  InnoDB: Shutdown completed; log sequence number 3676343
141019 14:15:04 [Note] /Applications/MAMP/Library/bin/mysqld: Shutdown complete

141019 14:15:04 mysqld_safe mysqld from pid file /Applications/MAMP/tmp/mysql/mysql.pid ended
141019 15:33:37 mysqld_safe Starting mysqld daemon with databases from /Library/Application Support/appsolute/MAMP PRO/db/mysql
141019 15:33:37 [Warning] Using unique option prefix key_buffer instead of key_buffer_size is deprecated and will be removed in a future release. Please use the full name instead.
141019 15:33:37 [Warning] Setting lower_case_table_names=2 because file system for /Library/Application Support/appsolute/MAMP PRO/db/mysql/ is case insensitive
141019 15:33:37 [Note] Plugin 'FEDERATED' is disabled.
141019 15:33:37 InnoDB: The InnoDB memory heap is disabled
141019 15:33:37 InnoDB: Mutexes and rw_locks use GCC atomic builtins
141019 15:33:37 InnoDB: Compressed tables use zlib 1.2.3
141019 15:33:37 InnoDB: Initializing buffer pool, size = 128.0M
141019 15:33:37 InnoDB: Completed initialization of buffer pool
141019 15:33:37 InnoDB: highest supported file format is Barracuda.
141019 15:33:37  InnoDB: Waiting for the background threads to start
141019 15:33:38 InnoDB: 5.5.38 started; log sequence number 3676343
141019 15:33:38 [Note] Server hostname (bind-address): '127.0.0.1'; port: 8889
141019 15:33:38 [Note]   - '127.0.0.1' resolves to '127.0.0.1';
141019 15:33:38 [Note] Server socket created on IP: '127.0.0.1'.
141019 15:33:38 [Note] Event Scheduler: Loaded 0 events
141019 15:33:38 [Note] /Applications/MAMP/Library/bin/mysqld: ready for connections.
Version: '5.5.38'  socket: '/Applications/MAMP/tmp/mysql/mysql.sock'  port: 8889  Source distribution
141023 11:08:34 [Note] /Applications/MAMP/Library/bin/mysqld: Normal shutdown

141023 11:08:34 [Note] Event Scheduler: Purging the queue. 0 events
141023 11:08:34  InnoDB: Starting shutdown...
141023 11:08:35  InnoDB: Shutdown completed; log sequence number 3676353
141023 11:08:35 [Note] /Applications/MAMP/Library/bin/mysqld: Shutdown complete

141023 11:08:35 mysqld_safe mysqld from pid file /Applications/MAMP/tmp/mysql/mysql.pid ended
141025 13:26:38 mysqld_safe Starting mysqld daemon with databases from /Library/Application Support/appsolute/MAMP PRO/db/mysql
141025 13:26:38 [Warning] Using unique option prefix key_buffer instead of key_buffer_size is deprecated and will be removed in a future release. Please use the full name instead.
141025 13:26:38 [Warning] Setting lower_case_table_names=2 because file system for /Library/Application Support/appsolute/MAMP PRO/db/mysql/ is case insensitive
141025 13:26:38 [Note] Plugin 'FEDERATED' is disabled.
141025 13:26:38 InnoDB: The InnoDB memory heap is disabled
141025 13:26:38 InnoDB: Mutexes and rw_locks use GCC atomic builtins
141025 13:26:38 InnoDB: Compressed tables use zlib 1.2.3
141025 13:26:38 InnoDB: Initializing buffer pool, size = 128.0M
141025 13:26:38 InnoDB: Completed initialization of buffer pool
141025 13:26:38 InnoDB: highest supported file format is Barracuda.
141025 13:26:38  InnoDB: Waiting for the background threads to start
141025 13:26:39 InnoDB: 5.5.38 started; log sequence number 3676353
141025 13:26:39 [Note] Server hostname (bind-address): '127.0.0.1'; port: 8889
141025 13:26:39 [Note]   - '127.0.0.1' resolves to '127.0.0.1';
141025 13:26:39 [Note] Server socket created on IP: '127.0.0.1'.
141025 13:26:39 [Note] Event Scheduler: Loaded 0 events
141025 13:26:39 [Note] /Applications/MAMP/Library/bin/mysqld: ready for connections.
Version: '5.5.38'  socket: '/Applications/MAMP/tmp/mysql/mysql.sock'  port: 8889  Source distribution
141025 20:17:48 [Note] /Applications/MAMP/Library/bin/mysqld: Normal shutdown

141025 20:17:48 [Note] Event Scheduler: Purging the queue. 0 events
141025 20:17:48  InnoDB: Starting shutdown...
141025 20:17:49  InnoDB: Shutdown completed; log sequence number 3676656
141025 20:17:49 [Note] /Applications/MAMP/Library/bin/mysqld: Shutdown complete

141025 20:17:49 mysqld_safe mysqld from pid file /Applications/MAMP/tmp/mysql/mysql.pid ended
141026 01:12:59 mysqld_safe Starting mysqld daemon with databases from /Library/Application Support/appsolute/MAMP PRO/db/mysql
141026  1:12:59 [Warning] Using unique option prefix key_buffer instead of key_buffer_size is deprecated and will be removed in a future release. Please use the full name instead.
141026  1:12:59 [Warning] Setting lower_case_table_names=2 because file system for /Library/Application Support/appsolute/MAMP PRO/db/mysql/ is case insensitive
141026  1:12:59 [Note] Plugin 'FEDERATED' is disabled.
141026  1:12:59 InnoDB: The InnoDB memory heap is disabled
141026  1:12:59 InnoDB: Mutexes and rw_locks use GCC atomic builtins
141026  1:12:59 InnoDB: Compressed tables use zlib 1.2.3
141026  1:12:59 InnoDB: Initializing buffer pool, size = 128.0M
141026  1:12:59 InnoDB: Completed initialization of buffer pool
141026  1:12:59 InnoDB: highest supported file format is Barracuda.
141026  1:12:59  InnoDB: Waiting for the background threads to start
141026  1:13:00 InnoDB: 5.5.38 started; log sequence number 3676656
141026  1:13:00 [Note] Server hostname (bind-address): '127.0.0.1'; port: 8889
141026  1:13:00 [Note]   - '127.0.0.1' resolves to '127.0.0.1';
141026  1:13:00 [Note] Server socket created on IP: '127.0.0.1'.
141026  1:13:00 [Note] Event Scheduler: Loaded 0 events
141026  1:13:00 [Note] /Applications/MAMP/Library/bin/mysqld: ready for connections.
Version: '5.5.38'  socket: '/Applications/MAMP/tmp/mysql/mysql.sock'  port: 8889  Source distribution
141027 20:36:49 mysqld_safe Starting mysqld daemon with databases from /Library/Application Support/appsolute/MAMP PRO/db/mysql
141027 20:36:49 [Warning] Using unique option prefix key_buffer instead of key_buffer_size is deprecated and will be removed in a future release. Please use the full name instead.
141027 20:36:49 [Warning] Setting lower_case_table_names=2 because file system for /Library/Application Support/appsolute/MAMP PRO/db/mysql/ is case insensitive
141027 20:36:49 [Note] Plugin 'FEDERATED' is disabled.
141027 20:36:49 InnoDB: The InnoDB memory heap is disabled
141027 20:36:49 InnoDB: Mutexes and rw_locks use GCC atomic builtins
141027 20:36:49 InnoDB: Compressed tables use zlib 1.2.3
141027 20:36:49 InnoDB: Initializing buffer pool, size = 128.0M
141027 20:36:49 InnoDB: Completed initialization of buffer pool
141027 20:36:49 InnoDB: highest supported file format is Barracuda.
141027 20:36:49  InnoDB: Waiting for the background threads to start
141027 20:36:50 InnoDB: 5.5.38 started; log sequence number 3678063
141027 20:36:50 [Note] Server hostname (bind-address): '127.0.0.1'; port: 8889
141027 20:36:50 [Note]   - '127.0.0.1' resolves to '127.0.0.1';
141027 20:36:50 [Note] Server socket created on IP: '127.0.0.1'.
141027 20:36:50 [Note] Event Scheduler: Loaded 0 events
141027 20:36:50 [Note] /Applications/MAMP/Library/bin/mysqld: ready for connections.
Version: '5.5.38'  socket: '/Applications/MAMP/tmp/mysql/mysql.sock'  port: 8889  Source distribution
141028 21:51:28 mysqld_safe mysqld from pid file /Applications/MAMP/tmp/mysql/mysql.pid ended
141031 12:22:54 mysqld_safe Starting mysqld daemon with databases from /Library/Application Support/appsolute/MAMP PRO/db/mysql
141031 12:22:54 [Warning] Using unique option prefix key_buffer instead of key_buffer_size is deprecated and will be removed in a future release. Please use the full name instead.
141031 12:22:54 [Warning] Setting lower_case_table_names=2 because file system for /Library/Application Support/appsolute/MAMP PRO/db/mysql/ is case insensitive
141031 12:22:54 [Note] Plugin 'FEDERATED' is disabled.
141031 12:22:54 InnoDB: The InnoDB memory heap is disabled
141031 12:22:54 InnoDB: Mutexes and rw_locks use GCC atomic builtins
141031 12:22:54 InnoDB: Compressed tables use zlib 1.2.3
141031 12:22:54 InnoDB: Initializing buffer pool, size = 128.0M
141031 12:22:54 InnoDB: Completed initialization of buffer pool
141031 12:22:54 InnoDB: highest supported file format is Barracuda.
141031 12:22:54  InnoDB: Waiting for the background threads to start
141031 12:22:55 InnoDB: 5.5.38 started; log sequence number 3678073
141031 12:22:55 [Note] Server hostname (bind-address): '127.0.0.1'; port: 8889
141031 12:22:55 [Note]   - '127.0.0.1' resolves to '127.0.0.1';
141031 12:22:55 [Note] Server socket created on IP: '127.0.0.1'.
141031 12:22:55 [Note] Event Scheduler: Loaded 0 events
141031 12:22:55 [Note] /Applications/MAMP/Library/bin/mysqld: ready for connections.
Version: '5.5.38'  socket: '/Applications/MAMP/tmp/mysql/mysql.sock'  port: 8889  Source distribution
141112 16:10:14 mysqld_safe mysqld from pid file /Applications/MAMP/tmp/mysql/mysql.pid ended
141112 16:29:00 mysqld_safe Starting mysqld daemon with databases from /Library/Application Support/appsolute/MAMP PRO/db/mysql
141112 16:29:00 [Warning] Using unique option prefix key_buffer instead of key_buffer_size is deprecated and will be removed in a future release. Please use the full name instead.
141112 16:29:00 [Warning] Setting lower_case_table_names=2 because file system for /Library/Application Support/appsolute/MAMP PRO/db/mysql/ is case insensitive
141112 16:29:00 [Note] Plugin 'FEDERATED' is disabled.
141112 16:29:00 InnoDB: The InnoDB memory heap is disabled
141112 16:29:00 InnoDB: Mutexes and rw_locks use GCC atomic builtins
141112 16:29:00 InnoDB: Compressed tables use zlib 1.2.3
141112 16:29:00 InnoDB: Initializing buffer pool, size = 128.0M
141112 16:29:00 InnoDB: Completed initialization of buffer pool
141112 16:29:00 InnoDB: highest supported file format is Barracuda.
141112 16:29:00  InnoDB: Waiting for the background threads to start
141112 16:29:01 InnoDB: 5.5.38 started; log sequence number 3704475
141112 16:29:01 [Note] Server hostname (bind-address): '127.0.0.1'; port: 8889
141112 16:29:01 [Note]   - '127.0.0.1' resolves to '127.0.0.1';
141112 16:29:01 [Note] Server socket created on IP: '127.0.0.1'.
141112 16:29:01 [Note] Event Scheduler: Loaded 0 events
141112 16:29:01 [Note] /Applications/MAMP/Library/bin/mysqld: ready for connections.
Version: '5.5.38'  socket: '/Applications/MAMP/tmp/mysql/mysql.sock'  port: 8889  Source distribution
141114 15:17:19 [Note] /Applications/MAMP/Library/bin/mysqld: Normal shutdown

141114 15:17:19 [Note] Event Scheduler: Purging the queue. 0 events
141114 15:17:19  InnoDB: Starting shutdown...
141114 15:17:20  InnoDB: Shutdown completed; log sequence number 3709037
141114 15:17:20 [Note] /Applications/MAMP/Library/bin/mysqld: Shutdown complete

141114 15:17:20 mysqld_safe mysqld from pid file /Applications/MAMP/tmp/mysql/mysql.pid ended
141115 13:54:01 mysqld_safe Starting mysqld daemon with databases from /Library/Application Support/appsolute/MAMP PRO/db/mysql
141115 13:54:01 [Warning] Using unique option prefix key_buffer instead of key_buffer_size is deprecated and will be removed in a future release. Please use the full name instead.
141115 13:54:01 [Warning] Setting lower_case_table_names=2 because file system for /Library/Application Support/appsolute/MAMP PRO/db/mysql/ is case insensitive
141115 13:54:01 [Note] Plugin 'FEDERATED' is disabled.
141115 13:54:01 InnoDB: The InnoDB memory heap is disabled
141115 13:54:01 InnoDB: Mutexes and rw_locks use GCC atomic builtins
141115 13:54:01 InnoDB: Compressed tables use zlib 1.2.3
141115 13:54:01 InnoDB: Initializing buffer pool, size = 128.0M
141115 13:54:01 InnoDB: Completed initialization of buffer pool
141115 13:54:01 InnoDB: highest supported file format is Barracuda.
141115 13:54:01  InnoDB: Waiting for the background threads to start
141115 13:54:02 InnoDB: 5.5.38 started; log sequence number 3709037
141115 13:54:02 [Note] Server hostname (bind-address): '127.0.0.1'; port: 8889
141115 13:54:02 [Note]   - '127.0.0.1' resolves to '127.0.0.1';
141115 13:54:02 [Note] Server socket created on IP: '127.0.0.1'.
141115 13:54:03 [Note] Event Scheduler: Loaded 0 events
141115 13:54:03 [Note] /Applications/MAMP/Library/bin/mysqld: ready for connections.
Version: '5.5.38'  socket: '/Applications/MAMP/tmp/mysql/mysql.sock'  port: 8889  Source distribution
141118  9:17:18 [Note] /Applications/MAMP/Library/bin/mysqld: Normal shutdown

141118  9:17:18 [Note] Event Scheduler: Purging the queue. 0 events
141118  9:17:18  InnoDB: Starting shutdown...
141118  9:17:19  InnoDB: Shutdown completed; log sequence number 3709047
141118  9:17:19 [Note] /Applications/MAMP/Library/bin/mysqld: Shutdown complete

141118 09:17:19 mysqld_safe mysqld from pid file /Applications/MAMP/tmp/mysql/mysql.pid ended
141119 18:29:34 mysqld_safe Starting mysqld daemon with databases from /Library/Application Support/appsolute/MAMP PRO/db/mysql
141119 18:29:34 [Warning] Using unique option prefix key_buffer instead of key_buffer_size is deprecated and will be removed in a future release. Please use the full name instead.
141119 18:29:34 [Warning] Setting lower_case_table_names=2 because file system for /Library/Application Support/appsolute/MAMP PRO/db/mysql/ is case insensitive
141119 18:29:34 [Note] Plugin 'FEDERATED' is disabled.
141119 18:29:34 InnoDB: The InnoDB memory heap is disabled
141119 18:29:34 InnoDB: Mutexes and rw_locks use GCC atomic builtins
141119 18:29:34 InnoDB: Compressed tables use zlib 1.2.3
141119 18:29:34 InnoDB: Initializing buffer pool, size = 128.0M
141119 18:29:34 InnoDB: Completed initialization of buffer pool
141119 18:29:34 InnoDB: highest supported file format is Barracuda.
141119 18:29:34  InnoDB: Waiting for the background threads to start
141119 18:29:35 InnoDB: 5.5.38 started; log sequence number 3709047
141119 18:29:35 [Note] Server hostname (bind-address): '127.0.0.1'; port: 8889
141119 18:29:35 [Note]   - '127.0.0.1' resolves to '127.0.0.1';
141119 18:29:35 [Note] Server socket created on IP: '127.0.0.1'.
141119 18:29:35 [Note] Event Scheduler: Loaded 0 events
141119 18:29:35 [Note] /Applications/MAMP/Library/bin/mysqld: ready for connections.
Version: '5.5.38'  socket: '/Applications/MAMP/tmp/mysql/mysql.sock'  port: 8889  Source distribution
141119 19:57:40 [Note] /Applications/MAMP/Library/bin/mysqld: Normal shutdown

141119 19:57:40 [Note] Event Scheduler: Purging the queue. 0 events
141119 19:57:40  InnoDB: Starting shutdown...
141119 19:57:41  InnoDB: Shutdown completed; log sequence number 3709057
141119 19:57:41 [Note] /Applications/MAMP/Library/bin/mysqld: Shutdown complete

141119 19:57:41 mysqld_safe mysqld from pid file /Applications/MAMP/tmp/mysql/mysql.pid ended
141121 17:14:35 mysqld_safe Starting mysqld daemon with databases from /Library/Application Support/appsolute/MAMP PRO/db/mysql
141121 17:14:35 [Warning] Using unique option prefix key_buffer instead of key_buffer_size is deprecated and will be removed in a future release. Please use the full name instead.
141121 17:14:35 [Warning] Setting lower_case_table_names=2 because file system for /Library/Application Support/appsolute/MAMP PRO/db/mysql/ is case insensitive
141121 17:14:35 [Note] Plugin 'FEDERATED' is disabled.
141121 17:14:35 InnoDB: The InnoDB memory heap is disabled
141121 17:14:35 InnoDB: Mutexes and rw_locks use GCC atomic builtins
141121 17:14:35 InnoDB: Compressed tables use zlib 1.2.3
141121 17:14:35 InnoDB: Initializing buffer pool, size = 128.0M
141121 17:14:35 InnoDB: Completed initialization of buffer pool
141121 17:14:35 InnoDB: highest supported file format is Barracuda.
141121 17:14:35  InnoDB: Waiting for the background threads to start
141121 17:14:36 InnoDB: 5.5.38 started; log sequence number 3709057
141121 17:14:36 [Note] Server hostname (bind-address): '127.0.0.1'; port: 8889
141121 17:14:36 [Note]   - '127.0.0.1' resolves to '127.0.0.1';
141121 17:14:36 [Note] Server socket created on IP: '127.0.0.1'.
141121 17:14:36 [Note] Event Scheduler: Loaded 0 events
141121 17:14:36 [Note] /Applications/MAMP/Library/bin/mysqld: ready for connections.
Version: '5.5.38'  socket: '/Applications/MAMP/tmp/mysql/mysql.sock'  port: 8889  Source distribution
141126 19:45:27 [Note] /Applications/MAMP/Library/bin/mysqld: Normal shutdown

141126 19:45:27 [Note] Event Scheduler: Purging the queue. 0 events
141126 19:45:27  InnoDB: Starting shutdown...
141126 19:45:29  InnoDB: Shutdown completed; log sequence number 3743191
141126 19:45:29 [Note] /Applications/MAMP/Library/bin/mysqld: Shutdown complete

141126 19:45:29 mysqld_safe mysqld from pid file /Applications/MAMP/tmp/mysql/mysql.pid ended
141126 19:55:20 mysqld_safe Starting mysqld daemon with databases from /Library/Application Support/appsolute/MAMP PRO/db/mysql
141126 19:55:20 [Warning] Using unique option prefix key_buffer instead of key_buffer_size is deprecated and will be removed in a future release. Please use the full name instead.
141126 19:55:20 [Warning] Setting lower_case_table_names=2 because file system for /Library/Application Support/appsolute/MAMP PRO/db/mysql/ is case insensitive
141126 19:55:20 [Note] Plugin 'FEDERATED' is disabled.
141126 19:55:20 InnoDB: The InnoDB memory heap is disabled
141126 19:55:20 InnoDB: Mutexes and rw_locks use GCC atomic builtins
141126 19:55:20 InnoDB: Compressed tables use zlib 1.2.3
141126 19:55:20 InnoDB: Initializing buffer pool, size = 128.0M
141126 19:55:20 InnoDB: Completed initialization of buffer pool
141126 19:55:20 InnoDB: highest supported file format is Barracuda.
141126 19:55:21  InnoDB: Waiting for the background threads to start
141126 19:55:22 InnoDB: 5.5.38 started; log sequence number 3743191
141126 19:55:22 [Note] Server hostname (bind-address): '127.0.0.1'; port: 8889
141126 19:55:22 [Note]   - '127.0.0.1' resolves to '127.0.0.1';
141126 19:55:22 [Note] Server socket created on IP: '127.0.0.1'.
141126 19:55:22 [Note] Event Scheduler: Loaded 0 events
141126 19:55:22 [Note] /Applications/MAMP/Library/bin/mysqld: ready for connections.
Version: '5.5.38'  socket: '/Applications/MAMP/tmp/mysql/mysql.sock'  port: 8889  Source distribution
141205 17:24:08 mysqld_safe Starting mysqld daemon with databases from /Library/Application Support/appsolute/MAMP PRO/db/mysql
141205 17:24:08 [Warning] Using unique option prefix key_buffer instead of key_buffer_size is deprecated and will be removed in a future release. Please use the full name instead.
141205 17:24:08 [Warning] Setting lower_case_table_names=2 because file system for /Library/Application Support/appsolute/MAMP PRO/db/mysql/ is case insensitive
141205 17:24:08 [Note] Plugin 'FEDERATED' is disabled.
141205 17:24:08 InnoDB: The InnoDB memory heap is disabled
141205 17:24:08 InnoDB: Mutexes and rw_locks use GCC atomic builtins
141205 17:24:08 InnoDB: Compressed tables use zlib 1.2.3
141205 17:24:08 InnoDB: Initializing buffer pool, size = 128.0M
141205 17:24:08 InnoDB: Completed initialization of buffer pool
141205 17:24:08 InnoDB: highest supported file format is Barracuda.
141205 17:24:08  InnoDB: Waiting for the background threads to start
141205 17:24:09 InnoDB: 5.5.38 started; log sequence number 3772081
141205 17:24:09 [Note] Server hostname (bind-address): '127.0.0.1'; port: 8889
141205 17:24:09 [Note]   - '127.0.0.1' resolves to '127.0.0.1';
141205 17:24:09 [Note] Server socket created on IP: '127.0.0.1'.
141205 17:24:09 [Note] Event Scheduler: Loaded 0 events
141205 17:24:09 [Note] /Applications/MAMP/Library/bin/mysqld: ready for connections.
Version: '5.5.38'  socket: '/Applications/MAMP/tmp/mysql/mysql.sock'  port: 8889  Source distribution
141208 14:24:05 [Note] /Applications/MAMP/Library/bin/mysqld: Normal shutdown

141208 14:24:05 [Note] Event Scheduler: Purging the queue. 0 events
141208 14:24:05  InnoDB: Starting shutdown...
141208 14:24:06  InnoDB: Shutdown completed; log sequence number 3772101
141208 14:24:06 [Note] /Applications/MAMP/Library/bin/mysqld: Shutdown complete

141208 14:24:06 mysqld_safe mysqld from pid file /Applications/MAMP/tmp/mysql/mysql.pid ended
141210 22:03:20 mysqld_safe Starting mysqld daemon with databases from /Library/Application Support/appsolute/MAMP PRO/db/mysql
141210 22:03:21 [Warning] Using unique option prefix key_buffer instead of key_buffer_size is deprecated and will be removed in a future release. Please use the full name instead.
141210 22:03:21 [Warning] Setting lower_case_table_names=2 because file system for /Library/Application Support/appsolute/MAMP PRO/db/mysql/ is case insensitive
141210 22:03:21 [Note] Plugin 'FEDERATED' is disabled.
141210 22:03:21 InnoDB: The InnoDB memory heap is disabled
141210 22:03:21 InnoDB: Mutexes and rw_locks use GCC atomic builtins
141210 22:03:21 InnoDB: Compressed tables use zlib 1.2.3
141210 22:03:21 InnoDB: Initializing buffer pool, size = 128.0M
141210 22:03:21 InnoDB: Completed initialization of buffer pool
141210 22:03:21 InnoDB: highest supported file format is Barracuda.
141210 22:03:21  InnoDB: Waiting for the background threads to start
141210 22:03:22 InnoDB: 5.5.38 started; log sequence number 3772101
141210 22:03:22 [Note] Server hostname (bind-address): '127.0.0.1'; port: 8889
141210 22:03:22 [Note]   - '127.0.0.1' resolves to '127.0.0.1';
141210 22:03:22 [Note] Server socket created on IP: '127.0.0.1'.
141210 22:03:22 [Note] Event Scheduler: Loaded 0 events
141210 22:03:22 [Note] /Applications/MAMP/Library/bin/mysqld: ready for connections.
Version: '5.5.38'  socket: '/Applications/MAMP/tmp/mysql/mysql.sock'  port: 8889  Source distribution
150208 18:27:10 mysqld_safe Starting mysqld daemon with databases from /Library/Application Support/appsolute/MAMP PRO/db/mysql
150208 18:27:10 [Warning] Using unique option prefix key_buffer instead of key_buffer_size is deprecated and will be removed in a future release. Please use the full name instead.
150208 18:27:10 [Warning] Setting lower_case_table_names=2 because file system for /Library/Application Support/appsolute/MAMP PRO/db/mysql/ is case insensitive
150208 18:27:10 [Note] Plugin 'FEDERATED' is disabled.
150208 18:27:10 InnoDB: The InnoDB memory heap is disabled
150208 18:27:10 InnoDB: Mutexes and rw_locks use GCC atomic builtins
150208 18:27:10 InnoDB: Compressed tables use zlib 1.2.3
150208 18:27:10 InnoDB: Initializing buffer pool, size = 128.0M
150208 18:27:10 InnoDB: Completed initialization of buffer pool
150208 18:27:10 InnoDB: highest supported file format is Barracuda.
150208 18:27:10 InnoDB: 5.5.38 started; log sequence number 4295248
150208 18:27:10 [Note] Server hostname (bind-address): '127.0.0.1'; port: 8889
150208 18:27:10 [Note]   - '127.0.0.1' resolves to '127.0.0.1';
150208 18:27:10 [Note] Server socket created on IP: '127.0.0.1'.
150208 18:27:10 [Note] Event Scheduler: Loaded 0 events
150208 18:27:10 [Note] /Applications/MAMP/Library/bin/mysqld: ready for connections.
Version: '5.5.38'  socket: '/Applications/MAMP/tmp/mysql/mysql.sock'  port: 8889  Source distribution
150208 19:41:29 [Note] /Applications/MAMP/Library/bin/mysqld: Normal shutdown

150208 19:41:29 [Note] Event Scheduler: Purging the queue. 0 events
150208 19:41:29  InnoDB: Starting shutdown...
150208 19:41:31  InnoDB: Shutdown completed; log sequence number 4295258
150208 19:41:31 [Note] /Applications/MAMP/Library/bin/mysqld: Shutdown complete

150208 19:41:31 mysqld_safe mysqld from pid file /Applications/MAMP/tmp/mysql/mysql.pid ended
150208 21:57:16 mysqld_safe Starting mysqld daemon with databases from /Library/Application Support/appsolute/MAMP PRO/db/mysql
150208 21:57:16 [Warning] Using unique option prefix key_buffer instead of key_buffer_size is deprecated and will be removed in a future release. Please use the full name instead.
150208 21:57:17 [Warning] Setting lower_case_table_names=2 because file system for /Library/Application Support/appsolute/MAMP PRO/db/mysql/ is case insensitive
150208 21:57:17 [Note] Plugin 'FEDERATED' is disabled.
150208 21:57:17 InnoDB: The InnoDB memory heap is disabled
150208 21:57:17 InnoDB: Mutexes and rw_locks use GCC atomic builtins
150208 21:57:17 InnoDB: Compressed tables use zlib 1.2.3
150208 21:57:17 InnoDB: Initializing buffer pool, size = 128.0M
150208 21:57:17 InnoDB: Completed initialization of buffer pool
150208 21:57:17 InnoDB: highest supported file format is Barracuda.
150208 21:57:17  InnoDB: Waiting for the background threads to start
150208 21:57:18 InnoDB: 5.5.38 started; log sequence number 4295258
150208 21:57:18 [Note] Server hostname (bind-address): '127.0.0.1'; port: 8889
150208 21:57:18 [Note]   - '127.0.0.1' resolves to '127.0.0.1';
150208 21:57:18 [Note] Server socket created on IP: '127.0.0.1'.
150208 21:57:18 [Note] Event Scheduler: Loaded 0 events
150208 21:57:18 [Note] /Applications/MAMP/Library/bin/mysqld: ready for connections.
Version: '5.5.38'  socket: '/Applications/MAMP/tmp/mysql/mysql.sock'  port: 8889  Source distribution
150213 15:12:37 [Note] /Applications/MAMP/Library/bin/mysqld: Normal shutdown

150213 15:12:37 [Note] Event Scheduler: Purging the queue. 0 events
150213 15:12:37  InnoDB: Starting shutdown...
150213 15:12:39  InnoDB: Shutdown completed; log sequence number 4591638
150213 15:12:39 [Note] /Applications/MAMP/Library/bin/mysqld: Shutdown complete

150213 15:12:39 mysqld_safe mysqld from pid file /Applications/MAMP/tmp/mysql/mysql.pid ended
150214 16:06:39 mysqld_safe Starting mysqld daemon with databases from /Library/Application Support/appsolute/MAMP PRO/db/mysql
150214 16:06:39 [Warning] Using unique option prefix key_buffer instead of key_buffer_size is deprecated and will be removed in a future release. Please use the full name instead.
150214 16:06:39 [Warning] Setting lower_case_table_names=2 because file system for /Library/Application Support/appsolute/MAMP PRO/db/mysql/ is case insensitive
150214 16:06:39 [Note] Plugin 'FEDERATED' is disabled.
150214 16:06:39 InnoDB: The InnoDB memory heap is disabled
150214 16:06:39 InnoDB: Mutexes and rw_locks use GCC atomic builtins
150214 16:06:39 InnoDB: Compressed tables use zlib 1.2.3
150214 16:06:39 InnoDB: Initializing buffer pool, size = 128.0M
150214 16:06:39 InnoDB: Completed initialization of buffer pool
150214 16:06:39 InnoDB: highest supported file format is Barracuda.
150214 16:06:39  InnoDB: Waiting for the background threads to start
150214 16:06:40 InnoDB: 5.5.38 started; log sequence number 4591638
150214 16:06:40 [Note] Server hostname (bind-address): '127.0.0.1'; port: 8889
150214 16:06:40 [Note]   - '127.0.0.1' resolves to '127.0.0.1';
150214 16:06:40 [Note] Server socket created on IP: '127.0.0.1'.
150214 16:06:40 [Note] Event Scheduler: Loaded 0 events
150214 16:06:40 [Note] /Applications/MAMP/Library/bin/mysqld: ready for connections.
Version: '5.5.38'  socket: '/Applications/MAMP/tmp/mysql/mysql.sock'  port: 8889  Source distribution
150313 15:14:40 [Note] /Applications/MAMP/Library/bin/mysqld: Normal shutdown

150313 15:14:40 [Note] Event Scheduler: Purging the queue. 0 events
150313 15:14:40  InnoDB: Starting shutdown...
150313 15:14:41  InnoDB: Shutdown completed; log sequence number 5029605
150313 15:14:41 [Note] /Applications/MAMP/Library/bin/mysqld: Shutdown complete

150313 15:14:41 mysqld_safe mysqld from pid file /Applications/MAMP/tmp/mysql/mysql.pid ended
150313 15:15:24 mysqld_safe Starting mysqld daemon with databases from /Library/Application Support/appsolute/MAMP PRO/db/mysql
150313 15:15:24 [Warning] Using unique option prefix key_buffer instead of key_buffer_size is deprecated and will be removed in a future release. Please use the full name instead.
150313 15:15:24 [Warning] Setting lower_case_table_names=2 because file system for /Library/Application Support/appsolute/MAMP PRO/db/mysql/ is case insensitive
150313 15:15:24 [Note] Plugin 'FEDERATED' is disabled.
150313 15:15:24 InnoDB: The InnoDB memory heap is disabled
150313 15:15:24 InnoDB: Mutexes and rw_locks use GCC atomic builtins
150313 15:15:24 InnoDB: Compressed tables use zlib 1.2.3
150313 15:15:24 InnoDB: Initializing buffer pool, size = 128.0M
150313 15:15:24 InnoDB: Completed initialization of buffer pool
150313 15:15:24 InnoDB: highest supported file format is Barracuda.
150313 15:15:25  InnoDB: Waiting for the background threads to start
150313 15:15:26 InnoDB: 5.5.38 started; log sequence number 5029605
150313 15:15:26 [Note] Server hostname (bind-address): '127.0.0.1'; port: 8889
150313 15:15:26 [Note]   - '127.0.0.1' resolves to '127.0.0.1';
150313 15:15:26 [Note] Server socket created on IP: '127.0.0.1'.
150313 15:15:26 [Note] Event Scheduler: Loaded 0 events
150313 15:15:26 [Note] /Applications/MAMP/Library/bin/mysqld: ready for connections.
Version: '5.5.38'  socket: '/Applications/MAMP/tmp/mysql/mysql.sock'  port: 8889  Source distribution
150319  9:56:44 [Note] /Applications/MAMP/Library/bin/mysqld: Normal shutdown

150319  9:56:44 [Note] Event Scheduler: Purging the queue. 0 events
150319  9:56:44  InnoDB: Starting shutdown...
150319  9:56:45  InnoDB: Shutdown completed; log sequence number 5396695
150319  9:56:45 [Note] /Applications/MAMP/Library/bin/mysqld: Shutdown complete

150319 09:56:45 mysqld_safe mysqld from pid file /Applications/MAMP/tmp/mysql/mysql.pid ended
150319 11:17:04 mysqld_safe Starting mysqld daemon with databases from /Library/Application Support/appsolute/MAMP PRO/db/mysql
150319 11:17:04 [Warning] Using unique option prefix key_buffer instead of key_buffer_size is deprecated and will be removed in a future release. Please use the full name instead.
150319 11:17:04 [Warning] Setting lower_case_table_names=2 because file system for /Library/Application Support/appsolute/MAMP PRO/db/mysql/ is case insensitive
150319 11:17:04 [Note] Plugin 'FEDERATED' is disabled.
150319 11:17:04 InnoDB: The InnoDB memory heap is disabled
150319 11:17:04 InnoDB: Mutexes and rw_locks use GCC atomic builtins
150319 11:17:04 InnoDB: Compressed tables use zlib 1.2.3
150319 11:17:04 InnoDB: Initializing buffer pool, size = 128.0M
150319 11:17:04 InnoDB: Completed initialization of buffer pool
150319 11:17:04 InnoDB: highest supported file format is Barracuda.
150319 11:17:04  InnoDB: Waiting for the background threads to start
150319 11:17:05 InnoDB: 5.5.38 started; log sequence number 5396695
150319 11:17:05 [Note] Server hostname (bind-address): '127.0.0.1'; port: 8889
150319 11:17:05 [Note]   - '127.0.0.1' resolves to '127.0.0.1';
150319 11:17:05 [Note] Server socket created on IP: '127.0.0.1'.
150319 11:17:06 [Note] Event Scheduler: Loaded 0 events
150319 11:17:06 [Note] /Applications/MAMP/Library/bin/mysqld: ready for connections.
Version: '5.5.38'  socket: '/Applications/MAMP/tmp/mysql/mysql.sock'  port: 8889  Source distribution
150326 21:00:12 mysqld_safe mysqld from pid file /Applications/MAMP/tmp/mysql/mysql.pid ended
150328 11:51:05 mysqld_safe Starting mysqld daemon with databases from /Library/Application Support/appsolute/MAMP PRO/db/mysql
150328 11:51:05 [Warning] Using unique option prefix key_buffer instead of key_buffer_size is deprecated and will be removed in a future release. Please use the full name instead.
150328 11:51:05 [Warning] Setting lower_case_table_names=2 because file system for /Library/Application Support/appsolute/MAMP PRO/db/mysql/ is case insensitive
150328 11:51:05 [Note] Plugin 'FEDERATED' is disabled.
150328 11:51:05 InnoDB: The InnoDB memory heap is disabled
150328 11:51:05 InnoDB: Mutexes and rw_locks use GCC atomic builtins
150328 11:51:05 InnoDB: Compressed tables use zlib 1.2.3
150328 11:51:05 InnoDB: Initializing buffer pool, size = 128.0M
150328 11:51:05 InnoDB: Completed initialization of buffer pool
150328 11:51:05 InnoDB: highest supported file format is Barracuda.
150328 11:51:05  InnoDB: Waiting for the background threads to start
150328 11:51:06 InnoDB: 5.5.38 started; log sequence number 5397088
150328 11:51:06 [Note] Server hostname (bind-address): '127.0.0.1'; port: 8889
150328 11:51:06 [Note]   - '127.0.0.1' resolves to '127.0.0.1';
150328 11:51:06 [Note] Server socket created on IP: '127.0.0.1'.
150328 11:51:06 [Note] Event Scheduler: Loaded 0 events
150328 11:51:06 [Note] /Applications/MAMP/Library/bin/mysqld: ready for connections.
Version: '5.5.38'  socket: '/Applications/MAMP/tmp/mysql/mysql.sock'  port: 8889  Source distribution
150429 11:45:58 mysqld_safe mysqld from pid file /Applications/MAMP/tmp/mysql/mysql.pid ended
150429 22:36:35 mysqld_safe Starting mysqld daemon with databases from /Library/Application Support/appsolute/MAMP PRO/db/mysql
150429 22:36:35 [Warning] Using unique option prefix key_buffer instead of key_buffer_size is deprecated and will be removed in a future release. Please use the full name instead.
150429 22:36:35 [Warning] Setting lower_case_table_names=2 because file system for /Library/Application Support/appsolute/MAMP PRO/db/mysql/ is case insensitive
150429 22:36:35 [Note] Plugin 'FEDERATED' is disabled.
150429 22:36:35 InnoDB: The InnoDB memory heap is disabled
150429 22:36:35 InnoDB: Mutexes and rw_locks use GCC atomic builtins
150429 22:36:35 InnoDB: Compressed tables use zlib 1.2.3
150429 22:36:35 InnoDB: Initializing buffer pool, size = 128.0M
150429 22:36:35 InnoDB: Completed initialization of buffer pool
150429 22:36:35 InnoDB: highest supported file format is Barracuda.
150429 22:36:35  InnoDB: Waiting for the background threads to start
150429 22:36:36 InnoDB: 5.5.38 started; log sequence number 8530446
150429 22:36:36 [Note] Server hostname (bind-address): '127.0.0.1'; port: 8889
150429 22:36:36 [Note]   - '127.0.0.1' resolves to '127.0.0.1';
150429 22:36:36 [Note] Server socket created on IP: '127.0.0.1'.
150429 22:36:36 [Note] Event Scheduler: Loaded 0 events
150429 22:36:36 [Note] /Applications/MAMP/Library/bin/mysqld: ready for connections.
Version: '5.5.38'  socket: '/Applications/MAMP/tmp/mysql/mysql.sock'  port: 8889  Source distribution
150501 10:50:06 [Note] /Applications/MAMP/Library/bin/mysqld: Normal shutdown

150501 10:50:06 [Note] Event Scheduler: Purging the queue. 0 events
150501 10:50:06  InnoDB: Starting shutdown...
150501 10:50:07  InnoDB: Shutdown completed; log sequence number 9086415
150501 10:50:07 [Note] /Applications/MAMP/Library/bin/mysqld: Shutdown complete

150501 10:50:07 mysqld_safe mysqld from pid file /Applications/MAMP/tmp/mysql/mysql.pid ended
150501 23:29:00 mysqld_safe Starting mysqld daemon with databases from /Library/Application Support/appsolute/MAMP PRO/db/mysql
150501 23:29:00 [Warning] Using unique option prefix key_buffer instead of key_buffer_size is deprecated and will be removed in a future release. Please use the full name instead.
150501 23:29:00 [Warning] Setting lower_case_table_names=2 because file system for /Library/Application Support/appsolute/MAMP PRO/db/mysql/ is case insensitive
150501 23:29:00 [Note] Plugin 'FEDERATED' is disabled.
150501 23:29:00 InnoDB: The InnoDB memory heap is disabled
150501 23:29:00 InnoDB: Mutexes and rw_locks use GCC atomic builtins
150501 23:29:00 InnoDB: Compressed tables use zlib 1.2.3
150501 23:29:00 InnoDB: Initializing buffer pool, size = 128.0M
150501 23:29:00 InnoDB: Completed initialization of buffer pool
150501 23:29:00 InnoDB: highest supported file format is Barracuda.
150501 23:29:01  InnoDB: Waiting for the background threads to start
150501 23:29:02 InnoDB: 5.5.38 started; log sequence number 9086415
150501 23:29:02 [Note] Server hostname (bind-address): '127.0.0.1'; port: 8889
150501 23:29:02 [Note]   - '127.0.0.1' resolves to '127.0.0.1';
150501 23:29:02 [Note] Server socket created on IP: '127.0.0.1'.
150501 23:29:02 [Note] Event Scheduler: Loaded 0 events
150501 23:29:02 [Note] /Applications/MAMP/Library/bin/mysqld: ready for connections.
Version: '5.5.38'  socket: '/Applications/MAMP/tmp/mysql/mysql.sock'  port: 8889  Source distribution
150503 15:20:40 [Note] /Applications/MAMP/Library/bin/mysqld: Normal shutdown

150503 15:20:40 [Note] Event Scheduler: Purging the queue. 0 events
150503 15:20:40  InnoDB: Starting shutdown...
150503 15:20:41  InnoDB: Shutdown completed; log sequence number 9093274
150503 15:20:41 [Note] /Applications/MAMP/Library/bin/mysqld: Shutdown complete

150503 15:20:41 mysqld_safe mysqld from pid file /Applications/MAMP/tmp/mysql/mysql.pid ended
150504 11:23:45 mysqld_safe Starting mysqld daemon with databases from /Library/Application Support/appsolute/MAMP PRO/db/mysql
150504 11:23:45 [Warning] Using unique option prefix key_buffer instead of key_buffer_size is deprecated and will be removed in a future release. Please use the full name instead.
150504 11:23:45 [Warning] Setting lower_case_table_names=2 because file system for /Library/Application Support/appsolute/MAMP PRO/db/mysql/ is case insensitive
150504 11:23:45 [Note] Plugin 'FEDERATED' is disabled.
150504 11:23:45 InnoDB: The InnoDB memory heap is disabled
150504 11:23:45 InnoDB: Mutexes and rw_locks use GCC atomic builtins
150504 11:23:45 InnoDB: Compressed tables use zlib 1.2.3
150504 11:23:45 InnoDB: Initializing buffer pool, size = 128.0M
150504 11:23:45 InnoDB: Completed initialization of buffer pool
150504 11:23:45 InnoDB: highest supported file format is Barracuda.
150504 11:23:45  InnoDB: Waiting for the background threads to start
150504 11:23:46 InnoDB: 5.5.38 started; log sequence number 9093274
150504 11:23:46 [Note] Server hostname (bind-address): '127.0.0.1'; port: 8889
150504 11:23:46 [Note]   - '127.0.0.1' resolves to '127.0.0.1';
150504 11:23:46 [Note] Server socket created on IP: '127.0.0.1'.
150504 11:23:46 [Note] Event Scheduler: Loaded 0 events
150504 11:23:46 [Note] /Applications/MAMP/Library/bin/mysqld: ready for connections.
Version: '5.5.38'  socket: '/Applications/MAMP/tmp/mysql/mysql.sock'  port: 8889  Source distribution
150505 17:27:47 [Note] /Applications/MAMP/Library/bin/mysqld: Normal shutdown

150505 17:27:47 [Note] Event Scheduler: Purging the queue. 0 events
150505 17:27:47  InnoDB: Starting shutdown...
150505 17:27:48  InnoDB: Shutdown completed; log sequence number 9093487
150505 17:27:48 [Note] /Applications/MAMP/Library/bin/mysqld: Shutdown complete

150505 17:27:48 mysqld_safe mysqld from pid file /Applications/MAMP/tmp/mysql/mysql.pid ended
150512 14:30:54 mysqld_safe Starting mysqld daemon with databases from /Library/Application Support/appsolute/MAMP PRO/db/mysql
150512 14:30:54 [Warning] Using unique option prefix key_buffer instead of key_buffer_size is deprecated and will be removed in a future release. Please use the full name instead.
150512 14:30:54 [Warning] Setting lower_case_table_names=2 because file system for /Library/Application Support/appsolute/MAMP PRO/db/mysql/ is case insensitive
150512 14:30:54 [Note] Plugin 'FEDERATED' is disabled.
150512 14:30:54 InnoDB: The InnoDB memory heap is disabled
150512 14:30:54 InnoDB: Mutexes and rw_locks use GCC atomic builtins
150512 14:30:54 InnoDB: Compressed tables use zlib 1.2.3
150512 14:30:54 InnoDB: Initializing buffer pool, size = 128.0M
150512 14:30:54 InnoDB: Completed initialization of buffer pool
150512 14:30:54 InnoDB: highest supported file format is Barracuda.
150512 14:30:55  InnoDB: Waiting for the background threads to start
150512 14:30:56 InnoDB: 5.5.38 started; log sequence number 9093487
150512 14:30:56 [Note] Server hostname (bind-address): '127.0.0.1'; port: 8889
150512 14:30:56 [Note]   - '127.0.0.1' resolves to '127.0.0.1';
150512 14:30:56 [Note] Server socket created on IP: '127.0.0.1'.
150512 14:30:56 [Note] Event Scheduler: Loaded 0 events
150512 14:30:56 [Note] /Applications/MAMP/Library/bin/mysqld: ready for connections.
Version: '5.5.38'  socket: '/Applications/MAMP/tmp/mysql/mysql.sock'  port: 8889  Source distribution
150513 10:03:14 mysqld_safe mysqld from pid file /Applications/MAMP/tmp/mysql/mysql.pid ended
150522 22:56:19 mysqld_safe Starting mysqld daemon with databases from /Library/Application Support/appsolute/MAMP PRO/db/mysql
150522 22:56:19 [Warning] Using unique option prefix key_buffer instead of key_buffer_size is deprecated and will be removed in a future release. Please use the full name instead.
150522 22:56:19 [Warning] Setting lower_case_table_names=2 because file system for /Library/Application Support/appsolute/MAMP PRO/db/mysql/ is case insensitive
150522 22:56:19 [Note] Plugin 'FEDERATED' is disabled.
150522 22:56:19 InnoDB: The InnoDB memory heap is disabled
150522 22:56:19 InnoDB: Mutexes and rw_locks use GCC atomic builtins
150522 22:56:19 InnoDB: Compressed tables use zlib 1.2.3
150522 22:56:19 InnoDB: Initializing buffer pool, size = 128.0M
150522 22:56:19 InnoDB: Completed initialization of buffer pool
150522 22:56:19 InnoDB: highest supported file format is Barracuda.
150522 22:56:19  InnoDB: Waiting for the background threads to start
150522 22:56:20 InnoDB: 5.5.38 started; log sequence number 10660202
150522 22:56:20 [Note] Server hostname (bind-address): '127.0.0.1'; port: 8889
150522 22:56:20 [Note]   - '127.0.0.1' resolves to '127.0.0.1';
150522 22:56:20 [Note] Server socket created on IP: '127.0.0.1'.
150522 22:56:20 [Note] Event Scheduler: Loaded 0 events
150522 22:56:20 [Note] /Applications/MAMP/Library/bin/mysqld: ready for connections.
Version: '5.5.38'  socket: '/Applications/MAMP/tmp/mysql/mysql.sock'  port: 8889  Source distribution
150603 15:53:06 [Note] /Applications/MAMP/Library/bin/mysqld: Normal shutdown

150603 15:53:06 [Note] Event Scheduler: Purging the queue. 0 events
150603 15:53:06  InnoDB: Starting shutdown...
150603 15:53:07  InnoDB: Shutdown completed; log sequence number 11747496
150603 15:53:07 [Note] /Applications/MAMP/Library/bin/mysqld: Shutdown complete

150603 15:53:07 mysqld_safe mysqld from pid file /Applications/MAMP/tmp/mysql/mysql.pid ended
150606 14:27:00 mysqld_safe Starting mysqld daemon with databases from /Library/Application Support/appsolute/MAMP PRO/db/mysql
150606 14:27:00 [Warning] Using unique option prefix key_buffer instead of key_buffer_size is deprecated and will be removed in a future release. Please use the full name instead.
150606 14:27:00 [Warning] Setting lower_case_table_names=2 because file system for /Library/Application Support/appsolute/MAMP PRO/db/mysql/ is case insensitive
150606 14:27:00 [Note] Plugin 'FEDERATED' is disabled.
150606 14:27:00 InnoDB: The InnoDB memory heap is disabled
150606 14:27:00 InnoDB: Mutexes and rw_locks use GCC atomic builtins
150606 14:27:00 InnoDB: Compressed tables use zlib 1.2.3
150606 14:27:00 InnoDB: Initializing buffer pool, size = 128.0M
150606 14:27:00 InnoDB: Completed initialization of buffer pool
150606 14:27:00 InnoDB: highest supported file format is Barracuda.
150606 14:27:00  InnoDB: Waiting for the background threads to start
150606 14:27:01 InnoDB: 5.5.38 started; log sequence number 11747496
150606 14:27:01 [Note] Server hostname (bind-address): '127.0.0.1'; port: 8889
150606 14:27:01 [Note]   - '127.0.0.1' resolves to '127.0.0.1';
150606 14:27:01 [Note] Server socket created on IP: '127.0.0.1'.
150606 14:27:01 [Note] Event Scheduler: Loaded 0 events
150606 14:27:01 [Note] /Applications/MAMP/Library/bin/mysqld: ready for connections.
Version: '5.5.38'  socket: '/Applications/MAMP/tmp/mysql/mysql.sock'  port: 8889  Source distribution
150618 10:00:20 mysqld_safe mysqld from pid file /Applications/MAMP/tmp/mysql/mysql.pid ended
150630 14:31:42 mysqld_safe Starting mysqld daemon with databases from /Library/Application Support/appsolute/MAMP PRO/db/mysql
150630 14:31:42 [Warning] Using unique option prefix key_buffer instead of key_buffer_size is deprecated and will be removed in a future release. Please use the full name instead.
150630 14:31:42 [Warning] Setting lower_case_table_names=2 because file system for /Library/Application Support/appsolute/MAMP PRO/db/mysql/ is case insensitive
150630 14:31:42 [Note] Plugin 'FEDERATED' is disabled.
150630 14:31:42 InnoDB: The InnoDB memory heap is disabled
150630 14:31:42 InnoDB: Mutexes and rw_locks use GCC atomic builtins
150630 14:31:42 InnoDB: Compressed tables use zlib 1.2.3
150630 14:31:42 InnoDB: Initializing buffer pool, size = 128.0M
150630 14:31:42 InnoDB: Completed initialization of buffer pool
150630 14:31:42 InnoDB: highest supported file format is Barracuda.
150630 14:31:42  InnoDB: Waiting for the background threads to start
150630 14:31:43 InnoDB: 5.5.38 started; log sequence number 12987705
150630 14:31:43 [Note] Server hostname (bind-address): '127.0.0.1'; port: 8889
150630 14:31:43 [Note]   - '127.0.0.1' resolves to '127.0.0.1';
150630 14:31:43 [Note] Server socket created on IP: '127.0.0.1'.
150630 14:31:43 [Note] Event Scheduler: Loaded 0 events
150630 14:31:43 [Note] /Applications/MAMP/Library/bin/mysqld: ready for connections.
Version: '5.5.38'  socket: '/Applications/MAMP/tmp/mysql/mysql.sock'  port: 8889  Source distribution
<<<<<<< HEAD
150708 19:40:35 mysqld_safe mysqld from pid file /Applications/MAMP/tmp/mysql/mysql.pid ended
150716 18:00:57 mysqld_safe Starting mysqld daemon with databases from /Library/Application Support/appsolute/MAMP PRO/db/mysql
150716 18:00:57 [Warning] Using unique option prefix key_buffer instead of key_buffer_size is deprecated and will be removed in a future release. Please use the full name instead.
150716 18:00:57 [Warning] Setting lower_case_table_names=2 because file system for /Library/Application Support/appsolute/MAMP PRO/db/mysql/ is case insensitive
150716 18:00:57 [Note] Plugin 'FEDERATED' is disabled.
150716 18:00:57 InnoDB: The InnoDB memory heap is disabled
150716 18:00:57 InnoDB: Mutexes and rw_locks use GCC atomic builtins
150716 18:00:57 InnoDB: Compressed tables use zlib 1.2.3
150716 18:00:57 InnoDB: Initializing buffer pool, size = 128.0M
150716 18:00:57 InnoDB: Completed initialization of buffer pool
150716 18:00:57 InnoDB: highest supported file format is Barracuda.
150716 18:00:57  InnoDB: Waiting for the background threads to start
150716 18:00:58 InnoDB: 5.5.38 started; log sequence number 14677110
150716 18:00:58 [Note] Server hostname (bind-address): '127.0.0.1'; port: 8889
150716 18:00:58 [Note]   - '127.0.0.1' resolves to '127.0.0.1';
150716 18:00:58 [Note] Server socket created on IP: '127.0.0.1'.
150716 18:00:58 [Note] Event Scheduler: Loaded 0 events
150716 18:00:58 [Note] /Applications/MAMP/Library/bin/mysqld: ready for connections.
=======
150720 13:45:51 mysqld_safe mysqld from pid file /Applications/MAMP/tmp/mysql/mysql.pid ended
150720 13:45:57 mysqld_safe Starting mysqld daemon with databases from /Library/Application Support/appsolute/MAMP PRO/db/mysql
150720 13:45:57 [Warning] Using unique option prefix key_buffer instead of key_buffer_size is deprecated and will be removed in a future release. Please use the full name instead.
150720 13:45:57 [Warning] Setting lower_case_table_names=2 because file system for /Library/Application Support/appsolute/MAMP PRO/db/mysql/ is case insensitive
150720 13:45:57 [Note] Plugin 'FEDERATED' is disabled.
150720 13:45:57 InnoDB: The InnoDB memory heap is disabled
150720 13:45:57 InnoDB: Mutexes and rw_locks use GCC atomic builtins
150720 13:45:57 InnoDB: Compressed tables use zlib 1.2.3
150720 13:45:57 InnoDB: Initializing buffer pool, size = 128.0M
150720 13:45:57 InnoDB: Completed initialization of buffer pool
150720 13:45:57 InnoDB: highest supported file format is Barracuda.
150720 13:45:57  InnoDB: Waiting for the background threads to start
150720 13:45:58 InnoDB: 5.5.38 started; log sequence number 18560888
150720 13:45:58 [Note] Server hostname (bind-address): '127.0.0.1'; port: 8889
150720 13:45:58 [Note]   - '127.0.0.1' resolves to '127.0.0.1';
150720 13:45:58 [Note] Server socket created on IP: '127.0.0.1'.
150720 13:45:58 [Note] Event Scheduler: Loaded 0 events
150720 13:45:58 [Note] /Applications/MAMP/Library/bin/mysqld: ready for connections.
Version: '5.5.38'  socket: '/Applications/MAMP/tmp/mysql/mysql.sock'  port: 8889  Source distribution
150720 13:46:34 [Note] /Applications/MAMP/Library/bin/mysqld: Normal shutdown

150720 13:46:34 [Note] Event Scheduler: Purging the queue. 0 events
150720 13:46:36  InnoDB: Starting shutdown...
150720 13:46:37  InnoDB: Shutdown completed; log sequence number 18560898
150720 13:46:37 [Note] /Applications/MAMP/Library/bin/mysqld: Shutdown complete

150720 13:46:37 mysqld_safe mysqld from pid file /Applications/MAMP/tmp/mysql/mysql.pid ended
150720 13:46:43 mysqld_safe Starting mysqld daemon with databases from /Library/Application Support/appsolute/MAMP PRO/db/mysql
150720 13:46:43 [Warning] Using unique option prefix key_buffer instead of key_buffer_size is deprecated and will be removed in a future release. Please use the full name instead.
150720 13:46:43 [Warning] Setting lower_case_table_names=2 because file system for /Library/Application Support/appsolute/MAMP PRO/db/mysql/ is case insensitive
150720 13:46:43 [Note] Plugin 'FEDERATED' is disabled.
150720 13:46:43 InnoDB: The InnoDB memory heap is disabled
150720 13:46:43 InnoDB: Mutexes and rw_locks use GCC atomic builtins
150720 13:46:43 InnoDB: Compressed tables use zlib 1.2.3
150720 13:46:43 InnoDB: Initializing buffer pool, size = 128.0M
150720 13:46:43 InnoDB: Completed initialization of buffer pool
150720 13:46:43 InnoDB: highest supported file format is Barracuda.
150720 13:46:43  InnoDB: Waiting for the background threads to start
150720 13:46:44 InnoDB: 5.5.38 started; log sequence number 18560898
150720 13:46:44 [Note] Server hostname (bind-address): '127.0.0.1'; port: 8889
150720 13:46:44 [Note]   - '127.0.0.1' resolves to '127.0.0.1';
150720 13:46:44 [Note] Server socket created on IP: '127.0.0.1'.
150720 13:46:44 [Note] Event Scheduler: Loaded 0 events
150720 13:46:44 [Note] /Applications/MAMP/Library/bin/mysqld: ready for connections.
Version: '5.5.38'  socket: '/Applications/MAMP/tmp/mysql/mysql.sock'  port: 8889  Source distribution
150720 13:51:39 [Note] /Applications/MAMP/Library/bin/mysqld: Normal shutdown

150720 13:51:39 [Note] Event Scheduler: Purging the queue. 0 events
150720 13:51:41  InnoDB: Starting shutdown...
150720 13:51:41  InnoDB: Shutdown completed; log sequence number 18560908
150720 13:51:41 [Note] /Applications/MAMP/Library/bin/mysqld: Shutdown complete

150720 13:51:41 mysqld_safe mysqld from pid file /Applications/MAMP/tmp/mysql/mysql.pid ended
150720 13:51:46 mysqld_safe Starting mysqld daemon with databases from /Library/Application Support/appsolute/MAMP PRO/db/mysql
150720 13:51:46 [Warning] Using unique option prefix key_buffer instead of key_buffer_size is deprecated and will be removed in a future release. Please use the full name instead.
150720 13:51:46 [Warning] Setting lower_case_table_names=2 because file system for /Library/Application Support/appsolute/MAMP PRO/db/mysql/ is case insensitive
150720 13:51:46 [Note] Plugin 'FEDERATED' is disabled.
150720 13:51:46 InnoDB: The InnoDB memory heap is disabled
150720 13:51:46 InnoDB: Mutexes and rw_locks use GCC atomic builtins
150720 13:51:46 InnoDB: Compressed tables use zlib 1.2.3
150720 13:51:46 InnoDB: Initializing buffer pool, size = 128.0M
150720 13:51:46 InnoDB: Completed initialization of buffer pool
150720 13:51:46 InnoDB: highest supported file format is Barracuda.
150720 13:51:46  InnoDB: Waiting for the background threads to start
150720 13:51:47 InnoDB: 5.5.38 started; log sequence number 18560908
150720 13:51:47 [Note] Server hostname (bind-address): '127.0.0.1'; port: 8889
150720 13:51:47 [Note]   - '127.0.0.1' resolves to '127.0.0.1';
150720 13:51:47 [Note] Server socket created on IP: '127.0.0.1'.
150720 13:51:47 [Note] Event Scheduler: Loaded 0 events
150720 13:51:47 [Note] /Applications/MAMP/Library/bin/mysqld: ready for connections.
Version: '5.5.38'  socket: '/Applications/MAMP/tmp/mysql/mysql.sock'  port: 8889  Source distribution
150725 16:03:34 mysqld_safe Starting mysqld daemon with databases from /Library/Application Support/appsolute/MAMP PRO/db/mysql
150725 16:03:34 [Warning] Using unique option prefix key_buffer instead of key_buffer_size is deprecated and will be removed in a future release. Please use the full name instead.
150725 16:03:34 [Warning] Setting lower_case_table_names=2 because file system for /Library/Application Support/appsolute/MAMP PRO/db/mysql/ is case insensitive
150725 16:03:34 [Note] Plugin 'FEDERATED' is disabled.
150725 16:03:34 InnoDB: The InnoDB memory heap is disabled
150725 16:03:34 InnoDB: Mutexes and rw_locks use GCC atomic builtins
150725 16:03:34 InnoDB: Compressed tables use zlib 1.2.3
150725 16:03:34 InnoDB: Initializing buffer pool, size = 128.0M
150725 16:03:34 InnoDB: Completed initialization of buffer pool
150725 16:03:34 InnoDB: highest supported file format is Barracuda.
InnoDB: The log sequence number in ibdata files does not match
InnoDB: the log sequence number in the ib_logfiles!
150725 16:03:34  InnoDB: Database was not shut down normally!
InnoDB: Starting crash recovery.
InnoDB: Reading tablespace information from the .ibd files...
InnoDB: Restoring possible half-written data pages from the doublewrite
InnoDB: buffer...
150725 16:03:34  InnoDB: Waiting for the background threads to start
150725 16:03:35 InnoDB: 5.5.38 started; log sequence number 18563576
150725 16:03:35 [Note] Server hostname (bind-address): '127.0.0.1'; port: 8889
150725 16:03:35 [Note]   - '127.0.0.1' resolves to '127.0.0.1';
150725 16:03:35 [Note] Server socket created on IP: '127.0.0.1'.
150725 16:03:35 [Note] Event Scheduler: Loaded 0 events
150725 16:03:35 [Note] /Applications/MAMP/Library/bin/mysqld: ready for connections.
Version: '5.5.38'  socket: '/Applications/MAMP/tmp/mysql/mysql.sock'  port: 8889  Source distribution
150802 18:40:50 [Note] /Applications/MAMP/Library/bin/mysqld: Normal shutdown

150802 18:40:50 [Note] Event Scheduler: Purging the queue. 0 events
150802 18:40:51  InnoDB: Starting shutdown...
150802 18:40:52  InnoDB: Shutdown completed; log sequence number 20781389
150802 18:40:52 [Note] /Applications/MAMP/Library/bin/mysqld: Shutdown complete

150802 18:40:52 mysqld_safe mysqld from pid file /Applications/MAMP/tmp/mysql/mysql.pid ended
150803 16:42:34 mysqld_safe Starting mysqld daemon with databases from /Library/Application Support/appsolute/MAMP PRO/db/mysql
150803 16:42:34 [Warning] Using unique option prefix key_buffer instead of key_buffer_size is deprecated and will be removed in a future release. Please use the full name instead.
150803 16:42:34 [Warning] Setting lower_case_table_names=2 because file system for /Library/Application Support/appsolute/MAMP PRO/db/mysql/ is case insensitive
150803 16:42:34 [Note] Plugin 'FEDERATED' is disabled.
150803 16:42:34 InnoDB: The InnoDB memory heap is disabled
150803 16:42:34 InnoDB: Mutexes and rw_locks use GCC atomic builtins
150803 16:42:34 InnoDB: Compressed tables use zlib 1.2.3
150803 16:42:34 InnoDB: Initializing buffer pool, size = 128.0M
150803 16:42:34 InnoDB: Completed initialization of buffer pool
150803 16:42:34 InnoDB: highest supported file format is Barracuda.
150803 16:42:34  InnoDB: Waiting for the background threads to start
150803 16:42:35 InnoDB: 5.5.38 started; log sequence number 20781389
150803 16:42:35 [Note] Server hostname (bind-address): '127.0.0.1'; port: 8889
150803 16:42:35 [Note]   - '127.0.0.1' resolves to '127.0.0.1';
150803 16:42:35 [Note] Server socket created on IP: '127.0.0.1'.
150803 16:42:35 [Note] Event Scheduler: Loaded 0 events
150803 16:42:35 [Note] /Applications/MAMP/Library/bin/mysqld: ready for connections.
>>>>>>> master
Version: '5.5.38'  socket: '/Applications/MAMP/tmp/mysql/mysql.sock'  port: 8889  Source distribution
150824 13:35:56 mysqld_safe Starting mysqld daemon with databases from /Library/Application Support/appsolute/MAMP PRO/db/mysql
150824 13:35:56 [Warning] Using unique option prefix key_buffer instead of key_buffer_size is deprecated and will be removed in a future release. Please use the full name instead.
150824 13:35:56 [Warning] Setting lower_case_table_names=2 because file system for /Library/Application Support/appsolute/MAMP PRO/db/mysql/ is case insensitive
150824 13:35:56 [Note] Plugin 'FEDERATED' is disabled.
150824 13:35:56 InnoDB: The InnoDB memory heap is disabled
150824 13:35:56 InnoDB: Mutexes and rw_locks use GCC atomic builtins
150824 13:35:56 InnoDB: Compressed tables use zlib 1.2.3
150824 13:35:56 InnoDB: Initializing buffer pool, size = 128.0M
150824 13:35:56 InnoDB: Completed initialization of buffer pool
150824 13:35:56 InnoDB: highest supported file format is Barracuda.
InnoDB: The log sequence number in ibdata files does not match
InnoDB: the log sequence number in the ib_logfiles!
150824 13:35:56  InnoDB: Database was not shut down normally!
InnoDB: Starting crash recovery.
InnoDB: Reading tablespace information from the .ibd files...
InnoDB: Restoring possible half-written data pages from the doublewrite
InnoDB: buffer...
150824 13:35:56  InnoDB: Waiting for the background threads to start
150824 13:35:57 InnoDB: 5.5.38 started; log sequence number 20800166
150824 13:35:57 [Note] Server hostname (bind-address): '127.0.0.1'; port: 8889
150824 13:35:57 [Note]   - '127.0.0.1' resolves to '127.0.0.1';
150824 13:35:57 [Note] Server socket created on IP: '127.0.0.1'.
150824 13:35:57 [Note] Event Scheduler: Loaded 0 events
150824 13:35:57 [Note] /Applications/MAMP/Library/bin/mysqld: ready for connections.
Version: '5.5.38'  socket: '/Applications/MAMP/tmp/mysql/mysql.sock'  port: 8889  Source distribution
150827 22:38:54 mysqld_safe mysqld from pid file /Applications/MAMP/tmp/mysql/mysql.pid ended
150827 22:38:59 mysqld_safe Starting mysqld daemon with databases from /Library/Application Support/appsolute/MAMP PRO/db/mysql
150827 22:38:59 [Warning] Using unique option prefix key_buffer instead of key_buffer_size is deprecated and will be removed in a future release. Please use the full name instead.
150827 22:38:59 [Warning] Setting lower_case_table_names=2 because file system for /Library/Application Support/appsolute/MAMP PRO/db/mysql/ is case insensitive
150827 22:38:59 [Note] Plugin 'FEDERATED' is disabled.
150827 22:38:59 InnoDB: The InnoDB memory heap is disabled
150827 22:38:59 InnoDB: Mutexes and rw_locks use GCC atomic builtins
150827 22:38:59 InnoDB: Compressed tables use zlib 1.2.3
150827 22:38:59 InnoDB: Initializing buffer pool, size = 128.0M
150827 22:38:59 InnoDB: Completed initialization of buffer pool
150827 22:38:59 InnoDB: highest supported file format is Barracuda.
150827 22:38:59  InnoDB: Waiting for the background threads to start
150827 22:39:00 InnoDB: 5.5.38 started; log sequence number 20800246
150827 22:39:00 [Note] Server hostname (bind-address): '127.0.0.1'; port: 8889
150827 22:39:00 [Note]   - '127.0.0.1' resolves to '127.0.0.1';
150827 22:39:00 [Note] Server socket created on IP: '127.0.0.1'.
150827 22:39:00 [Note] Event Scheduler: Loaded 0 events
150827 22:39:00 [Note] /Applications/MAMP/Library/bin/mysqld: ready for connections.
Version: '5.5.38'  socket: '/Applications/MAMP/tmp/mysql/mysql.sock'  port: 8889  Source distribution
150830 13:12:46 mysqld_safe Starting mysqld daemon with databases from /Library/Application Support/appsolute/MAMP PRO/db/mysql
150830 13:12:47 [Warning] Using unique option prefix key_buffer instead of key_buffer_size is deprecated and will be removed in a future release. Please use the full name instead.
150830 13:12:47 [Warning] Setting lower_case_table_names=2 because file system for /Library/Application Support/appsolute/MAMP PRO/db/mysql/ is case insensitive
150830 13:12:47 [Note] Plugin 'FEDERATED' is disabled.
150830 13:12:47 InnoDB: The InnoDB memory heap is disabled
150830 13:12:47 InnoDB: Mutexes and rw_locks use GCC atomic builtins
150830 13:12:47 InnoDB: Compressed tables use zlib 1.2.3
150830 13:12:47 InnoDB: Initializing buffer pool, size = 128.0M
150830 13:12:47 InnoDB: Completed initialization of buffer pool
150830 13:12:47 InnoDB: highest supported file format is Barracuda.
InnoDB: The log sequence number in ibdata files does not match
InnoDB: the log sequence number in the ib_logfiles!
150830 13:12:47  InnoDB: Database was not shut down normally!
InnoDB: Starting crash recovery.
InnoDB: Reading tablespace information from the .ibd files...
InnoDB: Restoring possible half-written data pages from the doublewrite
InnoDB: buffer...
150830 13:12:47  InnoDB: Waiting for the background threads to start
150830 13:12:48 InnoDB: 5.5.38 started; log sequence number 20801466
150830 13:12:48 [Note] Server hostname (bind-address): '127.0.0.1'; port: 8889
150830 13:12:48 [Note]   - '127.0.0.1' resolves to '127.0.0.1';
150830 13:12:48 [Note] Server socket created on IP: '127.0.0.1'.
150830 13:12:48 [Note] Event Scheduler: Loaded 0 events
150830 13:12:48 [Note] /Applications/MAMP/Library/bin/mysqld: ready for connections.
Version: '5.5.38'  socket: '/Applications/MAMP/tmp/mysql/mysql.sock'  port: 8889  Source distribution
150903 11:28:14 mysqld_safe mysqld from pid file /Applications/MAMP/tmp/mysql/mysql.pid ended
150911 20:59:27 mysqld_safe Starting mysqld daemon with databases from /Library/Application Support/appsolute/MAMP PRO/db/mysql
150911 20:59:27 [Warning] Using unique option prefix key_buffer instead of key_buffer_size is deprecated and will be removed in a future release. Please use the full name instead.
150911 20:59:27 [Warning] Setting lower_case_table_names=2 because file system for /Library/Application Support/appsolute/MAMP PRO/db/mysql/ is case insensitive
150911 20:59:27 [Note] Plugin 'FEDERATED' is disabled.
150911 20:59:27 InnoDB: The InnoDB memory heap is disabled
150911 20:59:27 InnoDB: Mutexes and rw_locks use GCC atomic builtins
150911 20:59:27 InnoDB: Compressed tables use zlib 1.2.3
150911 20:59:27 InnoDB: Initializing buffer pool, size = 128.0M
150911 20:59:27 InnoDB: Completed initialization of buffer pool
150911 20:59:27 InnoDB: highest supported file format is Barracuda.
150911 20:59:27  InnoDB: Waiting for the background threads to start
150911 20:59:28 InnoDB: 5.5.38 started; log sequence number 23406491
150911 20:59:28 [Note] Server hostname (bind-address): '127.0.0.1'; port: 8889
150911 20:59:28 [Note]   - '127.0.0.1' resolves to '127.0.0.1';
150911 20:59:28 [Note] Server socket created on IP: '127.0.0.1'.
150911 20:59:28 [Note] Event Scheduler: Loaded 0 events
150911 20:59:28 [Note] /Applications/MAMP/Library/bin/mysqld: ready for connections.
Version: '5.5.38'  socket: '/Applications/MAMP/tmp/mysql/mysql.sock'  port: 8889  Source distribution
150915 18:07:45 [Note] /Applications/MAMP/Library/bin/mysqld: Normal shutdown

150915 18:07:45 [Note] Event Scheduler: Purging the queue. 0 events
150915 18:07:45  InnoDB: Starting shutdown...
150915 18:07:46  InnoDB: Shutdown completed; log sequence number 23434827
150915 18:07:46 [Note] /Applications/MAMP/Library/bin/mysqld: Shutdown complete

150915 18:07:46 mysqld_safe mysqld from pid file /Applications/MAMP/tmp/mysql/mysql.pid ended
151006 21:27:13 mysqld_safe mysqld from pid file /Applications/MAMP/tmp/mysql/mysql.pid ended
151008 14:36:00 mysqld_safe Starting mysqld daemon with databases from /Library/Application Support/appsolute/MAMP PRO/db/mysql
151008 14:36:00 [Warning] Using unique option prefix key_buffer instead of key_buffer_size is deprecated and will be removed in a future release. Please use the full name instead.
151008 14:36:00 [Warning] Setting lower_case_table_names=2 because file system for /Library/Application Support/appsolute/MAMP PRO/db/mysql/ is case insensitive
151008 14:36:00 [Note] Plugin 'FEDERATED' is disabled.
151008 14:36:00 InnoDB: The InnoDB memory heap is disabled
151008 14:36:00 InnoDB: Mutexes and rw_locks use GCC atomic builtins
151008 14:36:00 InnoDB: Compressed tables use zlib 1.2.3
151008 14:36:00 InnoDB: Initializing buffer pool, size = 128.0M
151008 14:36:00 InnoDB: Completed initialization of buffer pool
151008 14:36:00 InnoDB: highest supported file format is Barracuda.
151008 14:36:00  InnoDB: Waiting for the background threads to start
151008 14:36:01 InnoDB: 5.5.38 started; log sequence number 30113638
151008 14:36:01 [Note] Server hostname (bind-address): '127.0.0.1'; port: 8889
151008 14:36:01 [Note]   - '127.0.0.1' resolves to '127.0.0.1';
151008 14:36:01 [Note] Server socket created on IP: '127.0.0.1'.
151008 14:36:01 [Note] Event Scheduler: Loaded 0 events
151008 14:36:01 [Note] /Applications/MAMP/Library/bin/mysqld: ready for connections.
Version: '5.5.38'  socket: '/Applications/MAMP/tmp/mysql/mysql.sock'  port: 8889  Source distribution
151009 23:35:31 [Note] /Applications/MAMP/Library/bin/mysqld: Normal shutdown

151009 23:35:31 [Note] Event Scheduler: Purging the queue. 0 events
151009 23:35:31  InnoDB: Starting shutdown...
151009 23:35:32  InnoDB: Shutdown completed; log sequence number 30713781
151009 23:35:32 [Note] /Applications/MAMP/Library/bin/mysqld: Shutdown complete

151009 23:35:32 mysqld_safe mysqld from pid file /Applications/MAMP/tmp/mysql/mysql.pid ended
151027 19:59:41 mysqld_safe Starting mysqld daemon with databases from /Library/Application Support/appsolute/MAMP PRO/db/mysql
151027 19:59:41 [Warning] Using unique option prefix key_buffer instead of key_buffer_size is deprecated and will be removed in a future release. Please use the full name instead.
151027 19:59:41 [Warning] Setting lower_case_table_names=2 because file system for /Library/Application Support/appsolute/MAMP PRO/db/mysql/ is case insensitive
151027 19:59:41 [Note] Plugin 'FEDERATED' is disabled.
151027 19:59:41 InnoDB: The InnoDB memory heap is disabled
151027 19:59:41 InnoDB: Mutexes and rw_locks use GCC atomic builtins
151027 19:59:41 InnoDB: Compressed tables use zlib 1.2.3
151027 19:59:41 InnoDB: Initializing buffer pool, size = 128.0M
151027 19:59:41 InnoDB: Completed initialization of buffer pool
151027 19:59:41 InnoDB: highest supported file format is Barracuda.
InnoDB: The log sequence number in ibdata files does not match
InnoDB: the log sequence number in the ib_logfiles!
151027 19:59:41  InnoDB: Database was not shut down normally!
InnoDB: Starting crash recovery.
InnoDB: Reading tablespace information from the .ibd files...
InnoDB: Restoring possible half-written data pages from the doublewrite
InnoDB: buffer...
151027 19:59:41  InnoDB: Waiting for the background threads to start
151027 19:59:42 InnoDB: 5.5.38 started; log sequence number 30723650
151027 19:59:42 [Note] Server hostname (bind-address): '127.0.0.1'; port: 8889
151027 19:59:42 [Note]   - '127.0.0.1' resolves to '127.0.0.1';
151027 19:59:42 [Note] Server socket created on IP: '127.0.0.1'.
151027 19:59:42 [Note] Event Scheduler: Loaded 0 events
151027 19:59:42 [Note] /Applications/MAMP/Library/bin/mysqld: ready for connections.
Version: '5.5.38'  socket: '/Applications/MAMP/tmp/mysql/mysql.sock'  port: 8889  Source distribution
151101 11:07:34 mysqld_safe Starting mysqld daemon with databases from /Library/Application Support/appsolute/MAMP PRO/db/mysql
151101 11:07:34 [Warning] Using unique option prefix key_buffer instead of key_buffer_size is deprecated and will be removed in a future release. Please use the full name instead.
151101 11:07:34 [Warning] Setting lower_case_table_names=2 because file system for /Library/Application Support/appsolute/MAMP PRO/db/mysql/ is case insensitive
151101 11:07:34 [Note] Plugin 'FEDERATED' is disabled.
151101 11:07:34 InnoDB: The InnoDB memory heap is disabled
151101 11:07:34 InnoDB: Mutexes and rw_locks use GCC atomic builtins
151101 11:07:34 InnoDB: Compressed tables use zlib 1.2.3
151101 11:07:34 InnoDB: Initializing buffer pool, size = 128.0M
151101 11:07:34 InnoDB: Completed initialization of buffer pool
151101 11:07:34 InnoDB: highest supported file format is Barracuda.
151101 11:07:34  InnoDB: Waiting for the background threads to start
151101 11:07:35 InnoDB: 5.5.38 started; log sequence number 30723660
151101 11:07:35 [Note] Server hostname (bind-address): '127.0.0.1'; port: 8889
151101 11:07:35 [Note]   - '127.0.0.1' resolves to '127.0.0.1';
151101 11:07:35 [Note] Server socket created on IP: '127.0.0.1'.
151101 11:07:35 [Note] Event Scheduler: Loaded 0 events
151101 11:07:35 [Note] /Applications/MAMP/Library/bin/mysqld: ready for connections.
Version: '5.5.38'  socket: '/Applications/MAMP/tmp/mysql/mysql.sock'  port: 8889  Source distribution
151111 11:00:48 [Note] /Applications/MAMP/Library/bin/mysqld: Normal shutdown

151111 11:00:48 [Note] Event Scheduler: Purging the queue. 0 events
151111 11:00:48  InnoDB: Starting shutdown...
151111 11:00:49  InnoDB: Shutdown completed; log sequence number 30723670
151111 11:00:49 [Note] /Applications/MAMP/Library/bin/mysqld: Shutdown complete

151111 11:00:49 mysqld_safe mysqld from pid file /Applications/MAMP/tmp/mysql/mysql.pid ended
151205 13:18:44 mysqld_safe mysqld from pid file /Applications/MAMP/tmp/mysql/mysql.pid ended
151205 13:18:49 mysqld_safe Starting mysqld daemon with databases from /Library/Application Support/appsolute/MAMP PRO/db/mysql
151205 13:18:49 [Warning] Using unique option prefix key_buffer instead of key_buffer_size is deprecated and will be removed in a future release. Please use the full name instead.
151205 13:18:49 [Warning] Setting lower_case_table_names=2 because file system for /Library/Application Support/appsolute/MAMP PRO/db/mysql/ is case insensitive
151205 13:18:49 [Note] Plugin 'FEDERATED' is disabled.
151205 13:18:49 InnoDB: The InnoDB memory heap is disabled
151205 13:18:49 InnoDB: Mutexes and rw_locks use GCC atomic builtins
151205 13:18:49 InnoDB: Compressed tables use zlib 1.2.3
151205 13:18:49 InnoDB: Initializing buffer pool, size = 128.0M
151205 13:18:49 InnoDB: Completed initialization of buffer pool
151205 13:18:49 InnoDB: highest supported file format is Barracuda.
151205 13:18:49  InnoDB: Waiting for the background threads to start
151205 13:18:50 InnoDB: 5.5.38 started; log sequence number 40063199
151205 13:18:50 [Note] Server hostname (bind-address): '127.0.0.1'; port: 8889
151205 13:18:50 [Note]   - '127.0.0.1' resolves to '127.0.0.1';
151205 13:18:50 [Note] Server socket created on IP: '127.0.0.1'.
151205 13:18:50 [Note] Event Scheduler: Loaded 0 events
151205 13:18:50 [Note] /Applications/MAMP/Library/bin/mysqld: ready for connections.
Version: '5.5.38'  socket: '/Applications/MAMP/tmp/mysql/mysql.sock'  port: 8889  Source distribution
